[ 2018-02-05T22:24:16+08:00 ] ::1 /wyecho/index.php/Home/Index/index.html
INFO: [ app_init ] --START--
INFO: Run Behavior\BuildLiteBehavior [ RunTime:0.000000s ]
INFO: [ app_init ] --END-- [ RunTime:0.001000s ]

[ 2018-02-05T22:24:16+08:00 ] ::1 /wyecho/index.php/Home/res/layui/css/layui.css
INFO: [ app_init ] --START--
INFO: Run Behavior\BuildLiteBehavior [ RunTime:0.000000s ]
INFO: [ app_init ] --END-- [ RunTime:0.001000s ]
ERR: 无法加载控制器:Res

[ 2018-02-05T22:24:16+08:00 ] ::1 /wyecho/index.php/Home/res/css/global.css
INFO: [ app_init ] --START--
INFO: Run Behavior\BuildLiteBehavior [ RunTime:0.000000s ]
INFO: [ app_init ] --END-- [ RunTime:0.001000s ]
ERR: 无法加载控制器:Res

[ 2018-02-05T22:24:16+08:00 ] ::1 /wyecho/index.php/Home/res/layui/layui.js
INFO: [ app_init ] --START--
INFO: Run Behavior\BuildLiteBehavior [ RunTime:0.000000s ]
INFO: [ app_init ] --END-- [ RunTime:0.002001s ]
ERR: 无法加载控制器:Res

[ 2018-02-05T22:24:16+08:00 ] ::1 /wyecho/index.php/Home/res/images/logo.png
INFO: [ app_init ] --START--
INFO: Run Behavior\BuildLiteBehavior [ RunTime:0.000000s ]
INFO: [ app_init ] --END-- [ RunTime:0.000000s ]

[ 2018-02-05T23:05:42+08:00 ] ::1 /wyecho/index.php/Home/Blog/detail
INFO: [ app_init ] --START--
INFO: Run Behavior\BuildLiteBehavior [ RunTime:0.000000s ]
INFO: [ app_init ] --END-- [ RunTime:0.001000s ]

