[ 2018-03-01T23:10:48+08:00 ] ::1 /wyecho/index.php
INFO: [ app_init ] --START--
INFO: Run Behavior\BuildLiteBehavior [ RunTime:0.001001s ]
INFO: [ app_init ] --END-- [ RunTime:0.001001s ]

[ 2018-03-01T23:15:50+08:00 ] ::1 /wyecho/index.php
INFO: [ app_init ] --START--
INFO: Run Behavior\BuildLiteBehavior [ RunTime:0.000000s ]
INFO: [ app_init ] --END-- [ RunTime:0.001000s ]

[ 2018-03-01T23:15:51+08:00 ] ::1 /wyecho/index.php/Home/Index/blogDetail.html
INFO: [ app_init ] --START--
INFO: Run Behavior\BuildLiteBehavior [ RunTime:0.000000s ]
INFO: [ app_init ] --END-- [ RunTime:0.001000s ]
ERR: 参数错误或者未定义:id

[ 2018-03-01T23:16:21+08:00 ] ::1 /wyecho/index.php
INFO: [ app_init ] --START--
INFO: Run Behavior\BuildLiteBehavior [ RunTime:0.000000s ]
INFO: [ app_init ] --END-- [ RunTime:0.001000s ]

[ 2018-03-01T23:17:51+08:00 ] ::1 /wyecho/index.php
INFO: [ app_init ] --START--
INFO: Run Behavior\BuildLiteBehavior [ RunTime:0.000000s ]
INFO: [ app_init ] --END-- [ RunTime:0.003000s ]

[ 2018-03-01T23:17:51+08:00 ] ::1 /wyecho/index.php/Home/Index/blogDetail.html
INFO: [ app_init ] --START--
INFO: Run Behavior\BuildLiteBehavior [ RunTime:0.000000s ]
INFO: [ app_init ] --END-- [ RunTime:0.001000s ]
ERR: 参数错误或者未定义:id

[ 2018-03-01T23:18:02+08:00 ] ::1 /wyecho/index.php
INFO: [ app_init ] --START--
INFO: Run Behavior\BuildLiteBehavior [ RunTime:0.000000s ]
INFO: [ app_init ] --END-- [ RunTime:0.001000s ]

[ 2018-03-01T23:18:03+08:00 ] ::1 /wyecho/index.php/Home/Index/blogDetail/id/1.html
INFO: [ app_init ] --START--
INFO: Run Behavior\BuildLiteBehavior [ RunTime:0.001000s ]
INFO: [ app_init ] --END-- [ RunTime:0.001000s ]

[ 2018-03-01T23:18:03+08:00 ] ::1 /wyecho/index.php/Home/Index/blogDetail/id/__PIBLIC__/Home/layui/layui.js
INFO: [ app_init ] --START--
INFO: Run Behavior\BuildLiteBehavior [ RunTime:0.000000s ]
INFO: [ app_init ] --END-- [ RunTime:0.001000s ]

[ 2018-03-01T23:20:20+08:00 ] ::1 /wyecho/index.php
INFO: [ app_init ] --START--
INFO: Run Behavior\BuildLiteBehavior [ RunTime:0.000000s ]
INFO: [ app_init ] --END-- [ RunTime:0.001000s ]

[ 2018-03-01T23:20:21+08:00 ] ::1 /wyecho/index.php/Home/Index/blogDetail/id/1.html
INFO: [ app_init ] --START--
INFO: Run Behavior\BuildLiteBehavior [ RunTime:0.000000s ]
INFO: [ app_init ] --END-- [ RunTime:0.001000s ]

[ 2018-03-01T23:20:21+08:00 ] ::1 /wyecho/index.php/Home/Index/blogDetail/id/__PIBLIC__/Home/layui/layui.js
INFO: [ app_init ] --START--
INFO: Run Behavior\BuildLiteBehavior [ RunTime:0.000000s ]
INFO: [ app_init ] --END-- [ RunTime:0.001000s ]

[ 2018-03-01T23:20:23+08:00 ] ::1 /wyecho/index.php/Home/Index/blogDetail/id/1.html
INFO: [ app_init ] --START--
INFO: Run Behavior\BuildLiteBehavior [ RunTime:0.000000s ]
INFO: [ app_init ] --END-- [ RunTime:0.001000s ]

[ 2018-03-01T23:20:23+08:00 ] ::1 /wyecho/index.php/Home/Index/blogDetail/id/__PIBLIC__/Home/layui/layui.js
INFO: [ app_init ] --START--
INFO: Run Behavior\BuildLiteBehavior [ RunTime:0.001000s ]
INFO: [ app_init ] --END-- [ RunTime:0.001000s ]

